The script wemod-laucher is running on version 1.018
FreeSimpleGUI is missing
requests is missing
Dependencies missing
Trying to install Dependencies...
Ensuring virtual environment...
Virtual environment created successfully.
pip finished
Re-running script within virtual environment
The script wemod-laucher is running on version 1.018
FreeSimpleGUI is missing
Dependencies missing
Trying to install Dependencies...
Ensuring virtual environment...
Virtual environment created successfully.
pip finished
Re-running script within virtual environment
The script wemod-laucher is running on version 1.018
FreeSimpleGUI is missing
Dependencies missing
Trying to install Dependencies...
Ensuring virtual environment...
Virtual environment created successfully.
pip finished
Re-running script within virtual environment
The script wemod-laucher is running on version 1.018
FreeSimpleGUI is missing
Dependencies missing
Trying to install Dependencies...
Ensuring virtual environment...
Virtual environment created successfully.
pip finished
Re-running script within virtual environment
The script wemod-laucher is running on version 1.018
FreeSimpleGUI is missing
Dependencies missing
Trying to install Dependencies...
Ensuring virtual environment...
Virtual environment created successfully.
pip finished
Re-running script within virtual environment
The script wemod-laucher is running on version 1.018
FreeSimpleGUI is missing
Dependencies missing
Trying to install Dependencies...
Ensuring virtual environment...
Virtual environment created successfully.
pip finished
Re-running script within virtual environment
The script wemod-laucher is running on version 1.018
FreeSimpleGUI is missing
Dependencies missing
Trying to install Dependencies...
Ensuring virtual environment...
Virtual environment created successfully.
pip finished
Re-running script within virtual environment
The script wemod-laucher is running on version 1.018
FreeSimpleGUI is missing
Dependencies missing
Trying to install Dependencies...
Ensuring virtual environment...
Virtual environment created successfully.
pip finished
Re-running script within virtual environment
The script wemod-laucher is running on version 1.018
FreeSimpleGUI is missing
Dependencies missing
Trying to install Dependencies...
Ensuring virtual environment...
Virtual environment created successfully.
pip finished
Re-running script within virtual environment
The script wemod-laucher is running on version 1.018
FreeSimpleGUI is missing
Dependencies missing
Trying to install Dependencies...
Ensuring virtual environment...
Virtual environment created successfully.
pip finished
Re-running script within virtual environment
The script wemod-laucher is running on version 1.018
FreeSimpleGUI is missing
Dependencies missing
Trying to install Dependencies...
Ensuring virtual environment...
Virtual environment created successfully.
pip finished
Re-running script within virtual environment
The script wemod-laucher is running on version 1.018
FreeSimpleGUI is missing
Dependencies missing
Trying to install Dependencies...
Ensuring virtual environment...
Virtual environment created successfully.
pip finished
Re-running script within virtual environment
The script wemod-laucher is running on version 1.018
FreeSimpleGUI is missing
Dependencies missing
Trying to install Dependencies...
Ensuring virtual environment...
Virtual environment created successfully.
pip finished
Re-running script within virtual environment
The script wemod-laucher is running on version 1.018
FreeSimpleGUI is missing
Dependencies missing
Trying to install Dependencies...
Ensuring virtual environment...
Virtual environment created successfully.
pip finished
Re-running script within virtual environment
The script wemod-laucher is running on version 1.018
FreeSimpleGUI is missing
Dependencies missing
Trying to install Dependencies...
Ensuring virtual environment...
Virtual environment created successfully.
pip finished
Re-running script within virtual environment
The script wemod-laucher is running on version 1.018
FreeSimpleGUI is missing
Dependencies missing
Trying to install Dependencies...
Ensuring virtual environment...
Virtual environment created successfully.
pip finished
Re-running script within virtual environment
The script wemod-laucher is running on version 1.018
FreeSimpleGUI is missing
Dependencies missing
Trying to install Dependencies...
Ensuring virtual environment...
Virtual environment created successfully.
pip finished
Re-running script within virtual environment
The script wemod-laucher is running on version 1.018
FreeSimpleGUI is missing
Dependencies missing
Trying to install Dependencies...
Ensuring virtual environment...
Virtual environment created successfully.
pip finished
Re-running script within virtual environment
The script wemod-laucher is running on version 1.018
FreeSimpleGUI is missing
Dependencies missing
Trying to install Dependencies...
Ensuring virtual environment...
The script wemod-laucher is running on version 1.018
FreeSimpleGUI is missing
requests is missing
Dependencies missing
Trying to install Dependencies...
Ensuring virtual environment...
Virtual environment created successfully.
pip finished
Re-running script within virtual environment
The script wemod-laucher is running on version 1.018
FreeSimpleGUI is missing
Dependencies missing
Trying to install Dependencies...
Ensuring virtual environment...
Virtual environment created successfully.
pip finished
Re-running script within virtual environment
The script wemod-laucher is running on version 1.018
FreeSimpleGUI is missing
Dependencies missing
Trying to install Dependencies...
Ensuring virtual environment...
Virtual environment created successfully.
pip finished
Re-running script within virtual environment
The script wemod-laucher is running on version 1.018
FreeSimpleGUI is missing
Dependencies missing
Trying to install Dependencies...
Ensuring virtual environment...
Virtual environment created successfully.
pip finished
Re-running script within virtual environment
The script wemod-laucher is running on version 1.018
FreeSimpleGUI is missing
Dependencies missing
Trying to install Dependencies...
Ensuring virtual environment...
Virtual environment created successfully.
pip finished
Re-running script within virtual environment
The script wemod-laucher is running on version 1.018
FreeSimpleGUI is missing
Dependencies missing
Trying to install Dependencies...
Ensuring virtual environment...
Virtual environment created successfully.
pip finished
Re-running script within virtual environment
The script wemod-laucher is running on version 1.018
FreeSimpleGUI is missing
Dependencies missing
Trying to install Dependencies...
Ensuring virtual environment...
Virtual environment created successfully.
pip finished
Re-running script within virtual environment
The script wemod-laucher is running on version 1.018
FreeSimpleGUI is missing
Dependencies missing
Trying to install Dependencies...
Ensuring virtual environment...
Virtual environment created successfully.
pip finished
Re-running script within virtual environment
The script wemod-laucher is running on version 1.018
FreeSimpleGUI is missing
Dependencies missing
Trying to install Dependencies...
Ensuring virtual environment...
